<?xml version="1.0" encoding="UTF-8"?>
<testng-results ignored="0" total="2" passed="2" failed="0" skipped="0">
  <reporter-output>
  </reporter-output>
  <suite started-at="2024-06-25T20:59:58 CET" name="Default suite" finished-at="2024-06-25T21:00:13 CET" duration-ms="15704">
    <groups>
    </groups>
    <test started-at="2024-06-25T20:59:58 CET" name="Default test" finished-at="2024-06-25T21:00:13 CET" duration-ms="15704">
      <class name="TestCases.TestNgDemo2">
        <test-method is-config="true" signature="setup()[pri:0, instance:TestCases.TestNgDemo2@37d4349f]" started-at="2024-06-25T20:59:58 CET" name="setup" finished-at="2024-06-25T21:00:05 CET" duration-ms="7494" status="PASS">
          <reporter-output>
          </reporter-output>
        </test-method> <!-- setup -->
        <test-method signature="invalid_user_credential()[pri:0, instance:TestCases.TestNgDemo2@37d4349f]" started-at="2024-06-25T21:00:05 CET" name="invalid_user_credential" finished-at="2024-06-25T21:00:06 CET" duration-ms="446" status="PASS">
          <reporter-output>
          </reporter-output>
        </test-method> <!-- invalid_user_credential -->
        <test-method is-config="true" signature="tearDown()[pri:0, instance:TestCases.TestNgDemo2@37d4349f]" started-at="2024-06-25T21:00:06 CET" name="tearDown" finished-at="2024-06-25T21:00:06 CET" duration-ms="0" status="PASS">
          <reporter-output>
          </reporter-output>
        </test-method> <!-- tearDown -->
        <test-method is-config="true" signature="setup()[pri:0, instance:TestCases.TestNgDemo2@37d4349f]" started-at="2024-06-25T21:00:06 CET" name="setup" finished-at="2024-06-25T21:00:13 CET" duration-ms="7165" status="PASS">
          <reporter-output>
          </reporter-output>
        </test-method> <!-- setup -->
        <test-method signature="valid_user_credential()[pri:0, instance:TestCases.TestNgDemo2@37d4349f]" started-at="2024-06-25T21:00:13 CET" name="valid_user_credential" finished-at="2024-06-25T21:00:13 CET" duration-ms="513" status="PASS">
          <reporter-output>
          </reporter-output>
        </test-method> <!-- valid_user_credential -->
        <test-method is-config="true" signature="tearDown()[pri:0, instance:TestCases.TestNgDemo2@37d4349f]" started-at="2024-06-25T21:00:13 CET" name="tearDown" finished-at="2024-06-25T21:00:13 CET" duration-ms="0" status="PASS">
          <reporter-output>
          </reporter-output>
        </test-method> <!-- tearDown -->
      </class> <!-- TestCases.TestNgDemo2 -->
    </test> <!-- Default test -->
  </suite> <!-- Default suite -->
</testng-results>
